<?xml version="1.0" encoding="UTF-8"?>
<!-- Generated by org.testng.reporters.JUnitXMLReporter -->
<testsuite ignored="0" hostname="Thirumalesh" failures="0" tests="3" name="Default test" time="5.727" errors="0" timestamp="2025-10-16T09:41:05 IST">
  <testcase classname="com.actitime.testscript.CustomerModule" name="createCustomer" time="0.029"/>
  <testcase classname="com.actitime.testscript.CustomerModule" name="modifyCustomer" time="0.004"/>
  <testcase classname="com.actitime.testscript.CustomerModule" name="deleteCustomer" time="0.005"/>
</testsuite> <!-- Default test -->
